ARHome/app/build/outputs/logs/manifest-merger-debug-report.txt
-- Merging decision tree log ---
manifest
ADDED from src\main\AndroidManifest.xml:2:1-116:12
INJECTED from src\main\AndroidManifest.xml:2:1-116:12
INJECTED from src\main\AndroidManifest.xml:2:1-116:12
INJECTED from src\main\AndroidManifest.xml:2:1-116:12
MERGED from [:wikitudesdk:] AndroidManifest.xml:2:1-16:12
MERGED from [com.facebook.android:facebook-android-sdk:4.6.0] AndroidManifest.xml:21:1-30:12
MERGED from [com.android.support:support-v4:22.2.1] AndroidManifest.xml:17:1-24:12
INJECTED from src\main\AndroidManifest.xml:2:1-116:12
INJECTED from src\main\AndroidManifest.xml:2:1-116:12
INJECTED from src\main\AndroidManifest.xml:2:1-116:12
	package
		ADDED from src\main\AndroidManifest.xml:3:5-39
		INJECTED from src\main\AndroidManifest.xml
		INJECTED from src\main\AndroidManifest.xml
	android:versionName
		ADDED from src\main\AndroidManifest.xml:6:5-32
		INJECTED from src\main\AndroidManifest.xml
		INJECTED from src\main\AndroidManifest.xml
	xmlns:android
		ADDED from src\main\AndroidManifest.xml:2:11-69
	android:versionCode
		ADDED from src\main\AndroidManifest.xml:5:5-31
		INJECTED from src\main\AndroidManifest.xml
		INJECTED from src\main\AndroidManifest.xml
	android:installLocation
		ADDED from src\main\AndroidManifest.xml:4:5-35
uses-sdk
ADDED from src\main\AndroidManifest.xml:8:5-10:41
INJECTED from src\main\AndroidManifest.xml:8:5-10:41
INJECTED from src\main\AndroidManifest.xml:8:5-10:41
MERGED from [:wikitudesdk:] AndroidManifest.xml:7:5-9:41
MERGED from [:wikitudesdk:] AndroidManifest.xml:7:5-9:41
MERGED from [com.facebook.android:facebook-android-sdk:4.6.0] AndroidManifest.xml:24:5-26:41
MERGED from [com.facebook.android:facebook-android-sdk:4.6.0] AndroidManifest.xml:24:5-26:41
MERGED from [com.android.support:support-v4:22.2.1] AndroidManifest.xml:20:5-43
MERGED from [com.android.support:support-v4:22.2.1] AndroidManifest.xml:20:5-43
INJECTED from src\main\AndroidManifest.xml:8:5-10:41
INJECTED from src\main\AndroidManifest.xml:8:5-10:41
	android:targetSdkVersion
		ADDED from src\main\AndroidManifest.xml:10:9-38
		INJECTED from src\main\AndroidManifest.xml
		INJECTED from src\main\AndroidManifest.xml
	android:minSdkVersion
		ADDED from src\main\AndroidManifest.xml:9:9-35
		INJECTED from src\main\AndroidManifest.xml
		INJECTED from src\main\AndroidManifest.xml
uses-permission#android.permission.INTERNET
ADDED from src\main\AndroidManifest.xml:12:5-67
	android:name
		ADDED from src\main\AndroidManifest.xml:12:22-64
uses-permission#android.permission.ACCESS_COARSE_LOCATION
ADDED from src\main\AndroidManifest.xml:13:5-81
	android:name
		ADDED from src\main\AndroidManifest.xml:13:22-78
uses-permission#android.permission.ACCESS_FINE_LOCATION
ADDED from src\main\AndroidManifest.xml:14:5-79
	android:name
		ADDED from src\main\AndroidManifest.xml:14:22-76
uses-permission#android.permission.ACCESS_NETWORK_STATE
ADDED from src\main\AndroidManifest.xml:15:5-79
	android:name
		ADDED from src\main\AndroidManifest.xml:15:22-76
uses-permission#android.permission.ACCESS_WIFI_STATE
ADDED from src\main\AndroidManifest.xml:16:5-76
	android:name
		ADDED from src\main\AndroidManifest.xml:16:22-73
uses-permission#android.permission.ACCESS_GPS
ADDED from src\main\AndroidManifest.xml:17:5-69
	android:name
		ADDED from src\main\AndroidManifest.xml:17:22-66
uses-permission#android.permission.CAMERA
ADDED from src\main\AndroidManifest.xml:18:5-65
	android:name
		ADDED from src\main\AndroidManifest.xml:18:22-62
uses-permission#android.permission.WRITE_EXTERNAL_STORAGE
ADDED from src\main\AndroidManifest.xml:19:5-81
	android:name
		ADDED from src\main\AndroidManifest.xml:19:22-78
uses-feature#0x00020000
ADDED from src\main\AndroidManifest.xml:23:5-25:35
	android:glEsVersion
		ADDED from src\main\AndroidManifest.xml:24:9-41
	android:required
		ADDED from src\main\AndroidManifest.xml:25:9-32
uses-feature#android.hardware.camera
ADDED from src\main\AndroidManifest.xml:28:5-30:35
	android:required
		ADDED from src\main\AndroidManifest.xml:30:9-32
	android:name
		ADDED from src\main\AndroidManifest.xml:29:9-47
uses-feature#android.hardware.location
ADDED from src\main\AndroidManifest.xml:33:5-35:35
	android:required
		ADDED from src\main\AndroidManifest.xml:35:9-32
	android:name
		ADDED from src\main\AndroidManifest.xml:34:9-49
uses-feature#android.hardware.sensor.accelerometer
ADDED from src\main\AndroidManifest.xml:38:5-40:35
	android:required
		ADDED from src\main\AndroidManifest.xml:40:9-32
	android:name
		ADDED from src\main\AndroidManifest.xml:39:9-61
uses-feature#android.hardware.sensor.compass
ADDED from src\main\AndroidManifest.xml:43:5-45:35
	android:required
		ADDED from src\main\AndroidManifest.xml:45:9-32
	android:name
		ADDED from src\main\AndroidManifest.xml:44:9-55
supports-screens
ADDED from src\main\AndroidManifest.xml:48:5-53:40
	android:largeScreens
		ADDED from src\main\AndroidManifest.xml:50:9-36
	android:smallScreens
		ADDED from src\main\AndroidManifest.xml:52:9-37
	android:normalScreens
		ADDED from src\main\AndroidManifest.xml:51:9-37
	android:xlargeScreens
		ADDED from src\main\AndroidManifest.xml:53:9-37
	android:anyDensity
		ADDED from src\main\AndroidManifest.xml:49:9-34
application
ADDED from src\main\AndroidManifest.xml:64:5-114:19
MERGED from [:wikitudesdk:] AndroidManifest.xml:11:5-14:19
MERGED from [:wikitudesdk:] AndroidManifest.xml:11:5-14:19
MERGED from [com.facebook.android:facebook-android-sdk:4.6.0] AndroidManifest.xml:28:5-20
MERGED from [com.facebook.android:facebook-android-sdk:4.6.0] AndroidManifest.xml:28:5-20
MERGED from [com.android.support:support-v4:22.2.1] AndroidManifest.xml:22:5-20
MERGED from [com.android.support:support-v4:22.2.1] AndroidManifest.xml:22:5-20
	android:label
		ADDED from src\main\AndroidManifest.xml:68:9-41
	android:debuggable
		ADDED from src\main\AndroidManifest.xml:66:9-35
	android:icon
		ADDED from src\main\AndroidManifest.xml:67:9-41
	android:allowBackup
		ADDED from src\main\AndroidManifest.xml:65:9-35
	android:theme
		ADDED from src\main\AndroidManifest.xml:69:9-56
meta-data#com.facebook.sdk.ApplicationId
ADDED from src\main\AndroidManifest.xml:70:9-107
	android:value
		ADDED from src\main\AndroidManifest.xml:70:66-105
	android:name
		ADDED from src\main\AndroidManifest.xml:70:20-65
activity#com.wikitude.virtualhome.MainActivity
ADDED from src\main\AndroidManifest.xml:73:9-76:20
	android:label
		ADDED from src\main\AndroidManifest.xml:75:13-56
	android:name
		ADDED from src\main\AndroidManifest.xml:74:13-41
activity#com.wikitude.virtualhome.AugmentedActivity
ADDED from src\main\AndroidManifest.xml:77:9-81:20
	android:label
		ADDED from src\main\AndroidManifest.xml:80:13-61
	android:configChanges
		ADDED from src\main\AndroidManifest.xml:79:13-74
	android:name
		ADDED from src\main\AndroidManifest.xml:78:13-46
activity#com.wikitude.virtualhome.Login
ADDED from src\main\AndroidManifest.xml:82:9-85:20
	android:label
		ADDED from src\main\AndroidManifest.xml:84:13-57
	android:name
		ADDED from src\main\AndroidManifest.xml:83:13-34
activity#com.wikitude.virtualhome.Home
ADDED from src\main\AndroidManifest.xml:86:9-94:20
	android:label
		ADDED from src\main\AndroidManifest.xml:88:13-56
	android:name
		ADDED from src\main\AndroidManifest.xml:87:13-33
intent-filter#android.intent.action.MAIN+android.intent.category.LAUNCHER
ADDED from src\main\AndroidManifest.xml:89:13-93:29
action#android.intent.action.MAIN
ADDED from src\main\AndroidManifest.xml:90:17-69
	android:name
		ADDED from src\main\AndroidManifest.xml:90:25-66
category#android.intent.category.LAUNCHER
ADDED from src\main\AndroidManifest.xml:92:17-77
	android:name
		ADDED from src\main\AndroidManifest.xml:92:27-74
activity#com.wikitude.virtualhome.Preferences
ADDED from src\main\AndroidManifest.xml:95:9-98:20
	android:label
		ADDED from src\main\AndroidManifest.xml:97:13-63
	android:name
		ADDED from src\main\AndroidManifest.xml:96:13-40
activity#com.wikitude.virtualhome.ProductView
ADDED from src\main\AndroidManifest.xml:99:9-102:20
	android:label
		ADDED from src\main\AndroidManifest.xml:101:13-64
	android:name
		ADDED from src\main\AndroidManifest.xml:100:13-40
activity#com.wikitude.virtualhome.ProductGalleryTabPage
ADDED from src\main\AndroidManifest.xml:103:9-108:20
	android:label
		ADDED from src\main\AndroidManifest.xml:105:13-64
	android:configChanges
		ADDED from src\main\AndroidManifest.xml:106:13-104
	android:name
		ADDED from src\main\AndroidManifest.xml:104:13-50
activity#com.facebook.FacebookActivity
ADDED from src\main\AndroidManifest.xml:109:9-113:48
	android:label
		ADDED from src\main\AndroidManifest.xml:113:13-45
	android:configChanges
		ADDED from src\main\AndroidManifest.xml:110:13-113
	android:theme
		ADDED from src\main\AndroidManifest.xml:112:13-72
	android:name
		ADDED from src\main\AndroidManifest.xml:109:19-63